<?xml version="1.0" encoding="UTF-8" ?>
<testsuite errors="0" failures="0" hostname="digitalsoul.local" name="digitalsoul.plantheevent.EventControllerTests" tests="1" time="0.816" timestamp="2011-05-14T12:41:13">
  <properties />
  <testcase classname="digitalsoul.plantheevent.EventControllerTests" name="testSomething" time="0.788" />
  <system-out><![CDATA[--Output from testSomething--
]]></system-out>
  <system-err><![CDATA[--Output from testSomething--
]]></system-err>
</testsuite>
